# JRE version: Java(TM) SE Runtime Environment (8.0_191-b12) (build 1.8.0_191-b12)
# Java VM: Java HotSpot(TM) 64-Bit Server VM (25.191-b12 mixed mode linux-amd64 compressed oops)
Heap:
 PSYoungGen      total 326144K, used 14828K [0x00000000d7000000, 0x00000000ebe00000, 0x0000000100000000)
  eden space 311296K, 0% used [0x00000000d7000000,0x00000000d7000000,0x00000000ea000000)
  from space 14848K, 99% used [0x00000000ea000000,0x00000000eae7b308,0x00000000eae80000)
  to   space 13824K, 0% used [0x00000000eae80000,0x00000000eae80000,0x00000000ebc00000)
 ParOldGen       total 66560K, used 19868K [0x0000000085000000, 0x0000000089100000, 0x00000000d7000000)
  object space 66560K, 29% used [0x0000000085000000,0x0000000086367288,0x0000000089100000)
 Metaspace       used 47961K, capacity 49482K, committed 49704K, reserved 1091584K
  class space    used 6354K, capacity 6668K, committed 6704K, reserved 1048576K
GC Heap History (10 events):
Event: 11.175 GC heap after
Heap after GC invocations=8 (full 1):
 PSYoungGen      total 134656K, used 8183K [0x00000000d7000000, 0x00000000e5a80000, 0x0000000100000000)
  eden space 126464K, 0% used [0x00000000d7000000,0x00000000d7000000,0x00000000deb80000)
  from space 8192K, 99% used [0x00000000deb80000,0x00000000df37dca0,0x00000000df380000)
  to   space 11264K, 0% used [0x00000000e4f80000,0x00000000e4f80000,0x00000000e5a80000)
 ParOldGen       total 48128K, used 10385K [0x0000000085000000, 0x0000000087f00000, 0x00000000d7000000)
  object space 48128K, 21% used [0x0000000085000000,0x0000000085a24690,0x0000000087f00000)
 Metaspace       used 29133K, capacity 30092K, committed 30256K, reserved 1075200K
  class space    used 3788K, capacity 4023K, committed 4144K, reserved 1048576K
}
Event: 11.947 GC heap before
{Heap before GC invocations=9 (full 1):
 PSYoungGen      total 134656K, used 134647K [0x00000000d7000000, 0x00000000e5a80000, 0x0000000100000000)
  eden space 126464K, 100% used [0x00000000d7000000,0x00000000deb80000,0x00000000deb80000)
  from space 8192K, 99% used [0x00000000deb80000,0x00000000df37dca0,0x00000000df380000)
  to   space 11264K, 0% used [0x00000000e4f80000,0x00000000e4f80000,0x00000000e5a80000)
 ParOldGen       total 48128K, used 10385K [0x0000000085000000, 0x0000000087f00000, 0x00000000d7000000)
  object space 48128K, 21% used [0x0000000085000000,0x0000000085a24690,0x0000000087f00000)
 Metaspace       used 32082K, capacity 33232K, committed 33456K, reserved 1079296K
  class space    used 4193K, capacity 4459K, committed 4528K, reserved 1048576K
Event: 11.976 GC heap after
Heap after GC invocations=9 (full 1):
 PSYoungGen      total 226816K, used 11254K [0x00000000d7000000, 0x00000000e5b80000, 0x0000000100000000)
  eden space 215552K, 0% used [0x00000000d7000000,0x00000000d7000000,0x00000000e4280000)
  from space 11264K, 99% used [0x00000000e4f80000,0x00000000e5a7db80,0x00000000e5a80000)
  to   space 12800K, 0% used [0x00000000e4280000,0x00000000e4280000,0x00000000e4f00000)
 ParOldGen       total 48128K, used 11021K [0x0000000085000000, 0x0000000087f00000, 0x00000000d7000000)
  object space 48128K, 22% used [0x0000000085000000,0x0000000085ac3760,0x0000000087f00000)
 Metaspace       used 32082K, capacity 33232K, committed 33456K, reserved 1079296K
  class space    used 4193K, capacity 4459K, committed 4528K, reserved 1048576K
}
Event: 12.527 GC heap before
{Heap before GC invocations=10 (full 1):
 PSYoungGen      total 226816K, used 53955K [0x00000000d7000000, 0x00000000e5b80000, 0x0000000100000000)
  eden space 215552K, 19% used [0x00000000d7000000,0x00000000d99b3148,0x00000000e4280000)
  from space 11264K, 99% used [0x00000000e4f80000,0x00000000e5a7db80,0x00000000e5a80000)
  to   space 12800K, 0% used [0x00000000e4280000,0x00000000e4280000,0x00000000e4f00000)
 ParOldGen       total 48128K, used 11021K [0x0000000085000000, 0x0000000087f00000, 0x00000000d7000000)
  object space 48128K, 22% used [0x0000000085000000,0x0000000085ac3760,0x0000000087f00000)
 Metaspace       used 34167K, capacity 35400K, committed 35496K, reserved 1079296K
  class space    used 4459K, capacity 4737K, committed 4784K, reserved 1048576K
Event: 12.582 GC heap after
Heap after GC invocations=10 (full 1):
 PSYoungGen      total 228352K, used 10539K [0x00000000d7000000, 0x00000000ebc00000, 0x0000000100000000)
  eden space 215552K, 0% used [0x00000000d7000000,0x00000000d7000000,0x00000000e4280000)
  from space 12800K, 82% used [0x00000000e4280000,0x00000000e4ccac20,0x00000000e4f00000)
  to   space 13824K, 0% used [0x00000000eae80000,0x00000000eae80000,0x00000000ebc00000)
 ParOldGen       total 48128K, used 11029K [0x0000000085000000, 0x0000000087f00000, 0x00000000d7000000)
  object space 48128K, 22% used [0x0000000085000000,0x0000000085ac5760,0x0000000087f00000)
 Metaspace       used 34167K, capacity 35400K, committed 35496K, reserved 1079296K
  class space    used 4459K, capacity 4737K, committed 4784K, reserved 1048576K
}
Event: 12.582 GC heap before
{Heap before GC invocations=11 (full 2):
 PSYoungGen      total 228352K, used 10539K [0x00000000d7000000, 0x00000000ebc00000, 0x0000000100000000)
  eden space 215552K, 0% used [0x00000000d7000000,0x00000000d7000000,0x00000000e4280000)
  from space 12800K, 82% used [0x00000000e4280000,0x00000000e4ccac20,0x00000000e4f00000)
  to   space 13824K, 0% used [0x00000000eae80000,0x00000000eae80000,0x00000000ebc00000)
 ParOldGen       total 48128K, used 11029K [0x0000000085000000, 0x0000000087f00000, 0x00000000d7000000)
  object space 48128K, 22% used [0x0000000085000000,0x0000000085ac5760,0x0000000087f00000)
 Metaspace       used 34167K, capacity 35400K, committed 35496K, reserved 1079296K
  class space    used 4459K, capacity 4737K, committed 4784K, reserved 1048576K
Event: 12.708 GC heap after
Heap after GC invocations=11 (full 2):
 PSYoungGen      total 228352K, used 0K [0x00000000d7000000, 0x00000000ebc00000, 0x0000000100000000)
  eden space 215552K, 0% used [0x00000000d7000000,0x00000000d7000000,0x00000000e4280000)
  from space 12800K, 0% used [0x00000000e4280000,0x00000000e4280000,0x00000000e4f00000)
  to   space 13824K, 0% used [0x00000000eae80000,0x00000000eae80000,0x00000000ebc00000)
 ParOldGen       total 66560K, used 15253K [0x0000000085000000, 0x0000000089100000, 0x00000000d7000000)
  object space 66560K, 22% used [0x0000000085000000,0x0000000085ee57e0,0x0000000089100000)
 Metaspace       used 34167K, capacity 35400K, committed 35496K, reserved 1079296K
  class space    used 4459K, capacity 4737K, committed 4784K, reserved 1048576K
}
Event: 14.737 GC heap before
{Heap before GC invocations=12 (full 2):
 PSYoungGen      total 228352K, used 215552K [0x00000000d7000000, 0x00000000ebc00000, 0x0000000100000000)
  eden space 215552K, 100% used [0x00000000d7000000,0x00000000e4280000,0x00000000e4280000)
  from space 12800K, 0% used [0x00000000e4280000,0x00000000e4280000,0x00000000e4f00000)
  to   space 13824K, 0% used [0x00000000eae80000,0x00000000eae80000,0x00000000ebc00000)
 ParOldGen       total 66560K, used 15253K [0x0000000085000000, 0x0000000089100000, 0x00000000d7000000)
  object space 66560K, 22% used [0x0000000085000000,0x0000000085ee57e0,0x0000000089100000)
 Metaspace       used 44186K, capacity 45660K, committed 45864K, reserved 1089536K
  class space    used 5889K, capacity 6173K, committed 6192K, reserved 1048576K
Event: 14.761 GC heap after
Heap after GC invocations=12 (full 2):
 PSYoungGen      total 325120K, used 11973K [0x00000000d7000000, 0x00000000ebe00000, 0x0000000100000000)
  eden space 311296K, 0% used [0x00000000d7000000,0x00000000d7000000,0x00000000ea000000)
  from space 13824K, 86% used [0x00000000eae80000,0x00000000eba317a8,0x00000000ebc00000)
  to   space 14848K, 0% used [0x00000000ea000000,0x00000000ea000000,0x00000000eae80000)
 ParOldGen       total 66560K, used 15253K [0x0000000085000000, 0x0000000089100000, 0x00000000d7000000)
  object space 66560K, 22% used [0x0000000085000000,0x0000000085ee57e0,0x0000000089100000)
 Metaspace       used 44186K, capacity 45660K, committed 45864K, reserved 1089536K
  class space    used 5889K, capacity 6173K, committed 6192K, reserved 1048576K
}
Event: 20.726 GC heap before
{Heap before GC invocations=13 (full 2):
 PSYoungGen      total 325120K, used 323269K [0x00000000d7000000, 0x00000000ebe00000, 0x0000000100000000)
  eden space 311296K, 100% used [0x00000000d7000000,0x00000000ea000000,0x00000000ea000000)
  from space 13824K, 86% used [0x00000000eae80000,0x00000000eba317a8,0x00000000ebc00000)
  to   space 14848K, 0% used [0x00000000ea000000,0x00000000ea000000,0x00000000eae80000)
 ParOldGen       total 66560K, used 15253K [0x0000000085000000, 0x0000000089100000, 0x00000000d7000000)
  object space 66560K, 22% used [0x0000000085000000,0x0000000085ee57e0,0x0000000089100000)
 Metaspace       used 47961K, capacity 49482K, committed 49704K, reserved 1091584K
  class space    used 6354K, capacity 6668K, committed 6704K, reserved 1048576K

