# JRE version: Java(TM) SE Runtime Environment (8.0_191-b12) (build 1.8.0_191-b12)
# Java VM: Java HotSpot(TM) 64-Bit Server VM (25.191-b12 mixed mode linux-amd64 compressed oops)
Heap:
 PSYoungGen      total 308736K, used 20982K [0x00000000d7000000, 0x00000000ebb00000, 0x0000000100000000)
  eden space 287744K, 0% used [0x00000000d7000000,0x00000000d7000000,0x00000000e8900000)
  from space 20992K, 99% used [0x00000000e8900000,0x00000000e9d7da28,0x00000000e9d80000)
  to   space 16896K, 0% used [0x00000000e9d80000,0x00000000e9d80000,0x00000000eae00000)
 ParOldGen       total 102912K, used 34700K [0x0000000085000000, 0x000000008b480000, 0x00000000d7000000)
  object space 102912K, 33% used [0x0000000085000000,0x00000000871e32a0,0x000000008b480000)
 Metaspace       used 73486K, capacity 76472K, committed 76564K, reserved 1116160K
  class space    used 10039K, capacity 10533K, committed 10556K, reserved 1048576K
GC Heap History (10 events):
Event: 15.547 GC heap after
Heap after GC invocations=9 (full 1):
 PSYoungGen      total 226304K, used 11262K [0x00000000d7000000, 0x00000000e7280000, 0x0000000100000000)
  eden space 215040K, 0% used [0x00000000d7000000,0x00000000d7000000,0x00000000e4200000)
  from space 11264K, 99% used [0x00000000e4f80000,0x00000000e5a7fab0,0x00000000e5a80000)
  to   space 13824K, 0% used [0x00000000e4200000,0x00000000e4200000,0x00000000e4f80000)
 ParOldGen       total 48640K, used 13293K [0x0000000085000000, 0x0000000087f80000, 0x00000000d7000000)
  object space 48640K, 27% used [0x0000000085000000,0x0000000085cfb4a0,0x0000000087f80000)
 Metaspace       used 34110K, capacity 35322K, committed 35416K, reserved 1079296K
  class space    used 4387K, capacity 4666K, committed 4736K, reserved 1048576K
}
Event: 15.547 GC heap before
{Heap before GC invocations=10 (full 2):
 PSYoungGen      total 226304K, used 11262K [0x00000000d7000000, 0x00000000e7280000, 0x0000000100000000)
  eden space 215040K, 0% used [0x00000000d7000000,0x00000000d7000000,0x00000000e4200000)
  from space 11264K, 99% used [0x00000000e4f80000,0x00000000e5a7fab0,0x00000000e5a80000)
  to   space 13824K, 0% used [0x00000000e4200000,0x00000000e4200000,0x00000000e4f80000)
 ParOldGen       total 48640K, used 13293K [0x0000000085000000, 0x0000000087f80000, 0x00000000d7000000)
  object space 48640K, 27% used [0x0000000085000000,0x0000000085cfb4a0,0x0000000087f80000)
 Metaspace       used 34110K, capacity 35322K, committed 35416K, reserved 1079296K
  class space    used 4387K, capacity 4666K, committed 4736K, reserved 1048576K
Event: 15.720 GC heap after
Heap after GC invocations=10 (full 2):
 PSYoungGen      total 226304K, used 0K [0x00000000d7000000, 0x00000000e7280000, 0x0000000100000000)
  eden space 215040K, 0% used [0x00000000d7000000,0x00000000d7000000,0x00000000e4200000)
  from space 11264K, 0% used [0x00000000e4f80000,0x00000000e4f80000,0x00000000e5a80000)
  to   space 13824K, 0% used [0x00000000e4200000,0x00000000e4200000,0x00000000e4f80000)
 ParOldGen       total 72192K, used 17834K [0x0000000085000000, 0x0000000089680000, 0x00000000d7000000)
  object space 72192K, 24% used [0x0000000085000000,0x000000008616a980,0x0000000089680000)
 Metaspace       used 34110K, capacity 35322K, committed 35416K, reserved 1079296K
  class space    used 4387K, capacity 4666K, committed 4736K, reserved 1048576K
}
Event: 18.372 GC heap before
{Heap before GC invocations=11 (full 2):
 PSYoungGen      total 226304K, used 215040K [0x00000000d7000000, 0x00000000e7280000, 0x0000000100000000)
  eden space 215040K, 100% used [0x00000000d7000000,0x00000000e4200000,0x00000000e4200000)
  from space 11264K, 0% used [0x00000000e4f80000,0x00000000e4f80000,0x00000000e5a80000)
  to   space 13824K, 0% used [0x00000000e4200000,0x00000000e4200000,0x00000000e4f80000)
 ParOldGen       total 72192K, used 17834K [0x0000000085000000, 0x0000000089680000, 0x00000000d7000000)
  object space 72192K, 24% used [0x0000000085000000,0x000000008616a980,0x0000000089680000)
 Metaspace       used 46113K, capacity 47888K, committed 48216K, reserved 1091584K
  class space    used 6109K, capacity 6459K, committed 6528K, reserved 1048576K
Event: 18.433 GC heap after
Heap after GC invocations=11 (full 2):
 PSYoungGen      total 228864K, used 13815K [0x00000000d7000000, 0x00000000eae00000, 0x0000000100000000)
  eden space 215040K, 0% used [0x00000000d7000000,0x00000000d7000000,0x00000000e4200000)
  from space 13824K, 99% used [0x00000000e4200000,0x00000000e4f7df70,0x00000000e4f80000)
  to   space 16896K, 0% used [0x00000000e9d80000,0x00000000e9d80000,0x00000000eae00000)
 ParOldGen       total 72192K, used 21285K [0x0000000085000000, 0x0000000089680000, 0x00000000d7000000)
  object space 72192K, 29% used [0x0000000085000000,0x00000000864c95d8,0x0000000089680000)
 Metaspace       used 46113K, capacity 47888K, committed 48216K, reserved 1091584K
  class space    used 6109K, capacity 6459K, committed 6528K, reserved 1048576K
}
Event: 20.342 GC heap before
{Heap before GC invocations=12 (full 2):
 PSYoungGen      total 228864K, used 186085K [0x00000000d7000000, 0x00000000eae00000, 0x0000000100000000)
  eden space 215040K, 80% used [0x00000000d7000000,0x00000000e183b810,0x00000000e4200000)
  from space 13824K, 99% used [0x00000000e4200000,0x00000000e4f7df70,0x00000000e4f80000)
  to   space 16896K, 0% used [0x00000000e9d80000,0x00000000e9d80000,0x00000000eae00000)
 ParOldGen       total 72192K, used 21285K [0x0000000085000000, 0x0000000089680000, 0x00000000d7000000)
  object space 72192K, 29% used [0x0000000085000000,0x00000000864c95d8,0x0000000089680000)
 Metaspace       used 56936K, capacity 59014K, committed 59028K, reserved 1099776K
  class space    used 7711K, capacity 8112K, committed 8124K, reserved 1048576K
Event: 20.438 GC heap after
Heap after GC invocations=12 (full 2):
 PSYoungGen      total 304640K, used 16864K [0x00000000d7000000, 0x00000000ebb00000, 0x0000000100000000)
  eden space 287744K, 0% used [0x00000000d7000000,0x00000000d7000000,0x00000000e8900000)
  from space 16896K, 99% used [0x00000000e9d80000,0x00000000eadf83c0,0x00000000eae00000)
  to   space 20992K, 0% used [0x00000000e8900000,0x00000000e8900000,0x00000000e9d80000)
 ParOldGen       total 72192K, used 25003K [0x0000000085000000, 0x0000000089680000, 0x00000000d7000000)
  object space 72192K, 34% used [0x0000000085000000,0x000000008686afd0,0x0000000089680000)
 Metaspace       used 56936K, capacity 59014K, committed 59028K, reserved 1099776K
  class space    used 7711K, capacity 8112K, committed 8124K, reserved 1048576K
}
Event: 20.438 GC heap before
{Heap before GC invocations=13 (full 3):
 PSYoungGen      total 304640K, used 16864K [0x00000000d7000000, 0x00000000ebb00000, 0x0000000100000000)
  eden space 287744K, 0% used [0x00000000d7000000,0x00000000d7000000,0x00000000e8900000)
  from space 16896K, 99% used [0x00000000e9d80000,0x00000000eadf83c0,0x00000000eae00000)
  to   space 20992K, 0% used [0x00000000e8900000,0x00000000e8900000,0x00000000e9d80000)
 ParOldGen       total 72192K, used 25003K [0x0000000085000000, 0x0000000089680000, 0x00000000d7000000)
  object space 72192K, 34% used [0x0000000085000000,0x000000008686afd0,0x0000000089680000)
 Metaspace       used 56936K, capacity 59014K, committed 59028K, reserved 1099776K
  class space    used 7711K, capacity 8112K, committed 8124K, reserved 1048576K
Event: 20.602 GC heap after
Heap after GC invocations=13 (full 3):
 PSYoungGen      total 304640K, used 0K [0x00000000d7000000, 0x00000000ebb00000, 0x0000000100000000)
  eden space 287744K, 0% used [0x00000000d7000000,0x00000000d7000000,0x00000000e8900000)
  from space 16896K, 0% used [0x00000000e9d80000,0x00000000e9d80000,0x00000000eae00000)
  to   space 20992K, 0% used [0x00000000e8900000,0x00000000e8900000,0x00000000e9d80000)
 ParOldGen       total 102912K, used 33759K [0x0000000085000000, 0x000000008b480000, 0x00000000d7000000)
  object space 102912K, 32% used [0x0000000085000000,0x00000000870f7e10,0x000000008b480000)
 Metaspace       used 56936K, capacity 59014K, committed 59028K, reserved 1099776K
  class space    used 7711K, capacity 8112K, committed 8124K, reserved 1048576K
}
Event: 82.743 GC heap before
{Heap before GC invocations=14 (full 3):
 PSYoungGen      total 304640K, used 287744K [0x00000000d7000000, 0x00000000ebb00000, 0x0000000100000000)
  eden space 287744K, 100% used [0x00000000d7000000,0x00000000e8900000,0x00000000e8900000)
  from space 16896K, 0% used [0x00000000e9d80000,0x00000000e9d80000,0x00000000eae00000)
  to   space 20992K, 0% used [0x00000000e8900000,0x00000000e8900000,0x00000000e9d80000)
 ParOldGen       total 102912K, used 33759K [0x0000000085000000, 0x000000008b480000, 0x00000000d7000000)
  object space 102912K, 32% used [0x0000000085000000,0x00000000870f7e10,0x000000008b480000)
 Metaspace       used 73486K, capacity 76472K, committed 76564K, reserved 1116160K
  class space    used 10039K, capacity 10533K, committed 10556K, reserved 1048576K

